{"H:\\source\\repos\\shopping-cart-playground\\server\\ormconfig.js": {"path":"H:\\source\\repos\\shopping-cart-playground\\server\\ormconfig.js","statementMap":{"0":{"start":{"line":1,"column":0},"end":{"line":1,"column":32}},"1":{"start":{"line":2,"column":0},"end":{"line":2,"column":27}},"2":{"start":{"line":4,"column":0},"end":{"line":4,"column":28}},"3":{"start":{"line":5,"column":0},"end":{"line":5,"column":32}},"4":{"start":{"line":6,"column":0},"end":{"line":6,"column":30}},"5":{"start":{"line":7,"column":0},"end":{"line":7,"column":34}},"6":{"start":{"line":8,"column":21},"end":{"line":10,"column":35}},"7":{"start":{"line":11,"column":18},"end":{"line":13,"column":32}},"8":{"start":{"line":14,"column":18},"end":{"line":16,"column":32}},"9":{"start":{"line":20,"column":23},"end":{"line":27,"column":1}},"10":{"start":{"line":29,"column":20},"end":{"line":35,"column":1}},"11":{"start":{"line":37,"column":20},"end":{"line":43,"column":1}},"12":{"start":{"line":45,"column":15},"end":{"line":51,"column":10}},"13":{"start":{"line":53,"column":0},"end":{"line":78,"column":2}}},"fnMap":{},"branchMap":{"0":{"loc":{"start":{"line":8,"column":21},"end":{"line":10,"column":35}},"type":"cond-expr","locations":[{"start":{"line":9,"column":4},"end":{"line":9,"column":29}},{"start":{"line":10,"column":4},"end":{"line":10,"column":35}}],"line":8},"1":{"loc":{"start":{"line":11,"column":18},"end":{"line":13,"column":32}},"type":"cond-expr","locations":[{"start":{"line":12,"column":4},"end":{"line":12,"column":26}},{"start":{"line":13,"column":4},"end":{"line":13,"column":32}}],"line":11},"2":{"loc":{"start":{"line":14,"column":18},"end":{"line":16,"column":32}},"type":"cond-expr","locations":[{"start":{"line":15,"column":4},"end":{"line":15,"column":26}},{"start":{"line":16,"column":4},"end":{"line":16,"column":32}}],"line":14},"3":{"loc":{"start":{"line":45,"column":15},"end":{"line":51,"column":10}},"type":"cond-expr","locations":[{"start":{"line":46,"column":4},"end":{"line":46,"column":18}},{"start":{"line":47,"column":4},"end":{"line":51,"column":10}}],"line":45},"4":{"loc":{"start":{"line":47,"column":4},"end":{"line":51,"column":10}},"type":"cond-expr","locations":[{"start":{"line":48,"column":6},"end":{"line":48,"column":17}},{"start":{"line":49,"column":6},"end":{"line":51,"column":10}}],"line":47},"5":{"loc":{"start":{"line":49,"column":6},"end":{"line":51,"column":10}},"type":"cond-expr","locations":[{"start":{"line":50,"column":8},"end":{"line":50,"column":19}},{"start":{"line":51,"column":8},"end":{"line":51,"column":10}}],"line":49}},"s":{"0":2,"1":2,"2":2,"3":2,"4":2,"5":2,"6":2,"7":2,"8":2,"9":2,"10":2,"11":2,"12":2,"13":2},"f":{},"b":{"0":[0,2],"1":[0,2],"2":[0,2],"3":[0,2],"4":[2,0],"5":[0,0]},"inputSourceMap":null,"_coverageSchema":"1a1c01bbd47fc00a2c39e90264f33305004495a9","hash":"62d67774f2d5644230d6c936b5bde2ed14b8cd09"}
,"H:\\source\\repos\\shopping-cart-playground\\server\\src\\api\\entity\\CustomerEntity.ts": {"path":"H:\\source\\repos\\shopping-cart-playground\\server\\src\\api\\entity\\CustomerEntity.ts","statementMap":{"0":{"start":{"line":1,"column":0},"end":{"line":1,"column":74}},"1":{"start":{"line":2,"column":0},"end":{"line":2,"column":58}},"2":{"start":{"line":5,"column":0},"end":{"line":5,"column":56}},"3":{"start":{"line":19,"column":0},"end":{"line":44,"column":null}},"4":{"start":{"line":27,"column":2},"end":{"line":27,"column":null}},"5":{"start":{"line":25,"column":17},"end":{"line":25,"column":20}},"6":{"start":{"line":31,"column":2},"end":{"line":31,"column":null}},"7":{"start":{"line":35,"column":2},"end":{"line":35,"column":null}},"8":{"start":{"line":42,"column":2},"end":{"line":42,"column":null}},"9":{"start":{"line":37,"column":17},"end":{"line":37,"column":36}},"10":{"start":{"line":38,"column":21},"end":{"line":38,"column":38}},"11":{"start":{"line":38,"column":55},"end":{"line":38,"column":75}},"12":{"start":{"line":19,"column":13},"end":{"line":44,"column":null}},"13":{"start":{"line":19,"column":13},"end":{"line":19,"column":27}}},"fnMap":{"0":{"name":"(anonymous_2)","decl":{"start":{"line":25,"column":9},"end":{"line":25,"column":13}},"loc":{"start":{"line":25,"column":17},"end":{"line":25,"column":20}}},"1":{"name":"(anonymous_3)","decl":{"start":{"line":37,"column":9},"end":{"line":37,"column":13}},"loc":{"start":{"line":37,"column":17},"end":{"line":37,"column":36}}},"2":{"name":"(anonymous_4)","decl":{"start":{"line":38,"column":13},"end":{"line":38,"column":17}},"loc":{"start":{"line":38,"column":21},"end":{"line":38,"column":38}}},"3":{"name":"(anonymous_5)","decl":{"start":{"line":38,"column":40},"end":{"line":38,"column":51}},"loc":{"start":{"line":38,"column":55},"end":{"line":38,"column":75}}}},"branchMap":{},"s":{"0":2,"1":2,"2":2,"3":2,"4":2,"5":2,"6":2,"7":2,"8":2,"9":2,"10":2,"11":2,"12":2,"13":2},"f":{"0":2,"1":2,"2":2,"3":2},"b":{}}
,"H:\\source\\repos\\shopping-cart-playground\\server\\src\\api\\entity\\ProductEntity.ts": {"path":"H:\\source\\repos\\shopping-cart-playground\\server\\src\\api\\entity\\ProductEntity.ts","statementMap":{"0":{"start":{"line":1,"column":0},"end":{"line":1,"column":97}},"1":{"start":{"line":2,"column":0},"end":{"line":2,"column":78}},"2":{"start":{"line":13,"column":0},"end":{"line":30,"column":null}},"3":{"start":{"line":17,"column":2},"end":{"line":17,"column":null}},"4":{"start":{"line":15,"column":17},"end":{"line":15,"column":20}},"5":{"start":{"line":24,"column":2},"end":{"line":24,"column":null}},"6":{"start":{"line":28,"column":2},"end":{"line":28,"column":null}},"7":{"start":{"line":26,"column":17},"end":{"line":26,"column":20}},"8":{"start":{"line":13,"column":13},"end":{"line":30,"column":null}},"9":{"start":{"line":13,"column":13},"end":{"line":13,"column":26}}},"fnMap":{"0":{"name":"(anonymous_2)","decl":{"start":{"line":15,"column":9},"end":{"line":15,"column":13}},"loc":{"start":{"line":15,"column":17},"end":{"line":15,"column":20}}},"1":{"name":"(anonymous_3)","decl":{"start":{"line":26,"column":9},"end":{"line":26,"column":13}},"loc":{"start":{"line":26,"column":17},"end":{"line":26,"column":20}}}},"branchMap":{},"s":{"0":2,"1":2,"2":2,"3":2,"4":2,"5":2,"6":2,"7":2,"8":2,"9":2},"f":{"0":2,"1":2},"b":{}}
,"H:\\source\\repos\\shopping-cart-playground\\server\\src\\api\\entity\\PurchaseEntity.ts": {"path":"H:\\source\\repos\\shopping-cart-playground\\server\\src\\api\\entity\\PurchaseEntity.ts","statementMap":{"0":{"start":{"line":1,"column":0},"end":{"line":1,"column":96}},"1":{"start":{"line":2,"column":0},"end":{"line":2,"column":63}},"2":{"start":{"line":5,"column":0},"end":{"line":5,"column":56}},"3":{"start":{"line":8,"column":0},"end":{"line":8,"column":48}},"4":{"start":{"line":12,"column":0},"end":{"line":42,"column":null}},"5":{"start":{"line":16,"column":2},"end":{"line":16,"column":null}},"6":{"start":{"line":14,"column":17},"end":{"line":14,"column":20}},"7":{"start":{"line":20,"column":2},"end":{"line":20,"column":null}},"8":{"start":{"line":18,"column":17},"end":{"line":18,"column":20}},"9":{"start":{"line":26,"column":2},"end":{"line":26,"column":null}},"10":{"start":{"line":21,"column":17},"end":{"line":21,"column":30}},"11":{"start":{"line":22,"column":20},"end":{"line":22,"column":33}},"12":{"start":{"line":22,"column":52},"end":{"line":22,"column":65}},"13":{"start":{"line":30,"column":2},"end":{"line":30,"column":null}},"14":{"start":{"line":36,"column":2},"end":{"line":36,"column":null}},"15":{"start":{"line":31,"column":17},"end":{"line":31,"column":34}},"16":{"start":{"line":32,"column":21},"end":{"line":32,"column":38}},"17":{"start":{"line":32,"column":61},"end":{"line":32,"column":88}},"18":{"start":{"line":40,"column":2},"end":{"line":40,"column":null}},"19":{"start":{"line":38,"column":17},"end":{"line":38,"column":20}},"20":{"start":{"line":12,"column":13},"end":{"line":42,"column":null}},"21":{"start":{"line":12,"column":13},"end":{"line":12,"column":27}}},"fnMap":{"0":{"name":"(anonymous_2)","decl":{"start":{"line":14,"column":9},"end":{"line":14,"column":13}},"loc":{"start":{"line":14,"column":17},"end":{"line":14,"column":20}}},"1":{"name":"(anonymous_3)","decl":{"start":{"line":18,"column":9},"end":{"line":18,"column":13}},"loc":{"start":{"line":18,"column":17},"end":{"line":18,"column":20}}},"2":{"name":"(anonymous_4)","decl":{"start":{"line":21,"column":9},"end":{"line":21,"column":13}},"loc":{"start":{"line":21,"column":17},"end":{"line":21,"column":30}}},"3":{"name":"(anonymous_5)","decl":{"start":{"line":22,"column":12},"end":{"line":22,"column":16}},"loc":{"start":{"line":22,"column":20},"end":{"line":22,"column":33}}},"4":{"name":"(anonymous_6)","decl":{"start":{"line":22,"column":35},"end":{"line":22,"column":48}},"loc":{"start":{"line":22,"column":52},"end":{"line":22,"column":65}}},"5":{"name":"(anonymous_7)","decl":{"start":{"line":31,"column":9},"end":{"line":31,"column":13}},"loc":{"start":{"line":31,"column":17},"end":{"line":31,"column":34}}},"6":{"name":"(anonymous_8)","decl":{"start":{"line":32,"column":13},"end":{"line":32,"column":17}},"loc":{"start":{"line":32,"column":21},"end":{"line":32,"column":38}}},"7":{"name":"(anonymous_9)","decl":{"start":{"line":32,"column":40},"end":{"line":32,"column":57}},"loc":{"start":{"line":32,"column":61},"end":{"line":32,"column":88}}},"8":{"name":"(anonymous_10)","decl":{"start":{"line":38,"column":9},"end":{"line":38,"column":13}},"loc":{"start":{"line":38,"column":17},"end":{"line":38,"column":20}}}},"branchMap":{},"s":{"0":2,"1":2,"2":2,"3":2,"4":2,"5":2,"6":2,"7":2,"8":2,"9":2,"10":2,"11":2,"12":2,"13":2,"14":2,"15":2,"16":2,"17":2,"18":2,"19":2,"20":2,"21":2},"f":{"0":2,"1":2,"2":2,"3":2,"4":2,"5":2,"6":2,"7":2,"8":2},"b":{}}
,"H:\\source\\repos\\shopping-cart-playground\\server\\src\\api\\entity\\TransactionEntity.ts": {"path":"H:\\source\\repos\\shopping-cart-playground\\server\\src\\api\\entity\\TransactionEntity.ts","statementMap":{"0":{"start":{"line":1,"column":0},"end":{"line":1,"column":112}},"1":{"start":{"line":2,"column":0},"end":{"line":2,"column":63}},"2":{"start":{"line":5,"column":0},"end":{"line":5,"column":50}},"3":{"start":{"line":7,"column":0},"end":{"line":7,"column":50}},"4":{"start":{"line":11,"column":0},"end":{"line":41,"column":null}},"5":{"start":{"line":15,"column":2},"end":{"line":15,"column":null}},"6":{"start":{"line":13,"column":17},"end":{"line":13,"column":19}},"7":{"start":{"line":19,"column":2},"end":{"line":19,"column":null}},"8":{"start":{"line":17,"column":17},"end":{"line":17,"column":20}},"9":{"start":{"line":25,"column":2},"end":{"line":25,"column":null}},"10":{"start":{"line":20,"column":17},"end":{"line":20,"column":31}},"11":{"start":{"line":21,"column":21},"end":{"line":21,"column":35}},"12":{"start":{"line":21,"column":55},"end":{"line":21,"column":82}},"13":{"start":{"line":29,"column":2},"end":{"line":29,"column":null}},"14":{"start":{"line":27,"column":17},"end":{"line":27,"column":20}},"15":{"start":{"line":33,"column":2},"end":{"line":33,"column":null}},"16":{"start":{"line":31,"column":17},"end":{"line":31,"column":20}},"17":{"start":{"line":39,"column":2},"end":{"line":39,"column":null}},"18":{"start":{"line":35,"column":17},"end":{"line":35,"column":33}},"19":{"start":{"line":36,"column":21},"end":{"line":36,"column":35}},"20":{"start":{"line":36,"column":55},"end":{"line":36,"column":81}},"21":{"start":{"line":11,"column":13},"end":{"line":41,"column":null}},"22":{"start":{"line":11,"column":13},"end":{"line":11,"column":30}}},"fnMap":{"0":{"name":"(anonymous_2)","decl":{"start":{"line":13,"column":9},"end":{"line":13,"column":13}},"loc":{"start":{"line":13,"column":17},"end":{"line":13,"column":19}}},"1":{"name":"(anonymous_3)","decl":{"start":{"line":17,"column":9},"end":{"line":17,"column":13}},"loc":{"start":{"line":17,"column":17},"end":{"line":17,"column":20}}},"2":{"name":"(anonymous_4)","decl":{"start":{"line":20,"column":9},"end":{"line":20,"column":13}},"loc":{"start":{"line":20,"column":17},"end":{"line":20,"column":31}}},"3":{"name":"(anonymous_5)","decl":{"start":{"line":21,"column":13},"end":{"line":21,"column":17}},"loc":{"start":{"line":21,"column":21},"end":{"line":21,"column":35}}},"4":{"name":"(anonymous_6)","decl":{"start":{"line":21,"column":37},"end":{"line":21,"column":51}},"loc":{"start":{"line":21,"column":55},"end":{"line":21,"column":82}}},"5":{"name":"(anonymous_7)","decl":{"start":{"line":27,"column":9},"end":{"line":27,"column":13}},"loc":{"start":{"line":27,"column":17},"end":{"line":27,"column":20}}},"6":{"name":"(anonymous_8)","decl":{"start":{"line":31,"column":9},"end":{"line":31,"column":13}},"loc":{"start":{"line":31,"column":17},"end":{"line":31,"column":20}}},"7":{"name":"(anonymous_9)","decl":{"start":{"line":35,"column":9},"end":{"line":35,"column":13}},"loc":{"start":{"line":35,"column":17},"end":{"line":35,"column":33}}},"8":{"name":"(anonymous_10)","decl":{"start":{"line":36,"column":13},"end":{"line":36,"column":17}},"loc":{"start":{"line":36,"column":21},"end":{"line":36,"column":35}}},"9":{"name":"(anonymous_11)","decl":{"start":{"line":36,"column":37},"end":{"line":36,"column":51}},"loc":{"start":{"line":36,"column":55},"end":{"line":36,"column":81}}}},"branchMap":{},"s":{"0":2,"1":2,"2":2,"3":2,"4":2,"5":2,"6":2,"7":2,"8":2,"9":2,"10":2,"11":2,"12":2,"13":2,"14":2,"15":2,"16":2,"17":2,"18":2,"19":2,"20":2,"21":2,"22":2},"f":{"0":2,"1":2,"2":2,"3":2,"4":2,"5":2,"6":2,"7":2,"8":2,"9":2},"b":{}}
,"H:\\source\\repos\\shopping-cart-playground\\server\\src\\api\\resolvers\\customer.resolver.ts": {"path":"H:\\source\\repos\\shopping-cart-playground\\server\\src\\api\\resolvers\\customer.resolver.ts","statementMap":{"0":{"start":{"line":1,"column":0},"end":{"line":1,"column":68}},"1":{"start":{"line":2,"column":0},"end":{"line":2,"column":40}},"2":{"start":{"line":4,"column":0},"end":{"line":4,"column":48}},"3":{"start":{"line":6,"column":0},"end":{"line":6,"column":58}},"4":{"start":{"line":9,"column":2},"end":{"line":14,"column":null}},"5":{"start":{"line":8,"column":0},"end":{"line":8,"column":22}},"6":{"start":{"line":18,"column":0},"end":{"line":34,"column":null}},"7":{"start":{"line":22,"column":29},"end":{"line":22,"column":65}},"8":{"start":{"line":24,"column":4},"end":{"line":24,"column":58}},"9":{"start":{"line":25,"column":22},"end":{"line":25,"column":57}},"10":{"start":{"line":27,"column":4},"end":{"line":29,"column":null}},"11":{"start":{"line":28,"column":6},"end":{"line":28,"column":38}},"12":{"start":{"line":31,"column":4},"end":{"line":31,"column":21}},"13":{"start":{"line":21,"column":2},"end":{"line":32,"column":null}},"14":{"start":{"line":20,"column":20},"end":{"line":20,"column":36}},"15":{"start":{"line":18,"column":13},"end":{"line":34,"column":null}},"16":{"start":{"line":17,"column":16},"end":{"line":17,"column":30}},"17":{"start":{"line":18,"column":13},"end":{"line":18,"column":29}}},"fnMap":{"0":{"name":"customerQuery","decl":{"start":{"line":8,"column":22},"end":{"line":8,"column":35}},"loc":{"start":{"line":8,"column":43},"end":{"line":15,"column":null}}},"1":{"name":"(anonymous_11)","decl":{"start":{"line":21,"column":8},"end":{"line":21,"column":17}},"loc":{"start":{"line":21,"column":17},"end":{"line":32,"column":null}}},"2":{"name":"(anonymous_13)","decl":{"start":{"line":20,"column":9},"end":{"line":20,"column":16}},"loc":{"start":{"line":20,"column":20},"end":{"line":20,"column":36}}},"3":{"name":"(anonymous_14)","decl":{"start":{"line":17,"column":10},"end":{"line":17,"column":12}},"loc":{"start":{"line":17,"column":16},"end":{"line":17,"column":30}}}},"branchMap":{"0":{"loc":{"start":{"line":27,"column":4},"end":{"line":29,"column":null}},"type":"if","locations":[{"start":{"line":27,"column":4},"end":{"line":29,"column":null}},{"start":{"line":27,"column":4},"end":{"line":29,"column":null}}]}},"s":{"0":2,"1":2,"2":2,"3":2,"4":1,"5":2,"6":2,"7":1,"8":1,"9":1,"10":1,"11":0,"12":1,"13":2,"14":1,"15":2,"16":0,"17":2},"f":{"0":1,"1":1,"2":1,"3":0},"b":{"0":[0,1]}}
,"H:\\source\\repos\\shopping-cart-playground\\server\\src\\api\\resolvers\\transaction.resolver.ts": {"path":"H:\\source\\repos\\shopping-cart-playground\\server\\src\\api\\resolvers\\transaction.resolver.ts","statementMap":{"0":{"start":{"line":1,"column":0},"end":{"line":1,"column":68}},"1":{"start":{"line":2,"column":0},"end":{"line":2,"column":40}},"2":{"start":{"line":4,"column":0},"end":{"line":4,"column":48}},"3":{"start":{"line":6,"column":0},"end":{"line":6,"column":64}},"4":{"start":{"line":9,"column":2},"end":{"line":14,"column":null}},"5":{"start":{"line":8,"column":0},"end":{"line":8,"column":22}},"6":{"start":{"line":19,"column":0},"end":{"line":34,"column":null}},"7":{"start":{"line":23,"column":32},"end":{"line":23,"column":71}},"8":{"start":{"line":25,"column":25},"end":{"line":25,"column":66}},"9":{"start":{"line":26,"column":4},"end":{"line":26,"column":30}},"10":{"start":{"line":27,"column":4},"end":{"line":27,"column":58}},"11":{"start":{"line":28,"column":4},"end":{"line":30,"column":null}},"12":{"start":{"line":29,"column":6},"end":{"line":29,"column":41}},"13":{"start":{"line":31,"column":4},"end":{"line":31,"column":24}},"14":{"start":{"line":22,"column":2},"end":{"line":32,"column":null}},"15":{"start":{"line":21,"column":20},"end":{"line":21,"column":39}},"16":{"start":{"line":19,"column":13},"end":{"line":34,"column":null}},"17":{"start":{"line":18,"column":16},"end":{"line":18,"column":33}},"18":{"start":{"line":19,"column":13},"end":{"line":19,"column":32}}},"fnMap":{"0":{"name":"transactionQuery","decl":{"start":{"line":8,"column":22},"end":{"line":8,"column":38}},"loc":{"start":{"line":8,"column":46},"end":{"line":15,"column":null}}},"1":{"name":"(anonymous_11)","decl":{"start":{"line":22,"column":8},"end":{"line":22,"column":20}},"loc":{"start":{"line":22,"column":20},"end":{"line":32,"column":null}}},"2":{"name":"(anonymous_13)","decl":{"start":{"line":21,"column":9},"end":{"line":21,"column":16}},"loc":{"start":{"line":21,"column":20},"end":{"line":21,"column":39}}},"3":{"name":"(anonymous_14)","decl":{"start":{"line":18,"column":10},"end":{"line":18,"column":12}},"loc":{"start":{"line":18,"column":16},"end":{"line":18,"column":33}}}},"branchMap":{"0":{"loc":{"start":{"line":28,"column":4},"end":{"line":30,"column":null}},"type":"if","locations":[{"start":{"line":28,"column":4},"end":{"line":30,"column":null}},{"start":{"line":28,"column":4},"end":{"line":30,"column":null}}]}},"s":{"0":2,"1":2,"2":2,"3":2,"4":1,"5":2,"6":2,"7":1,"8":1,"9":1,"10":1,"11":1,"12":0,"13":1,"14":2,"15":1,"16":2,"17":0,"18":2},"f":{"0":1,"1":1,"2":1,"3":0},"b":{"0":[0,1]}}
,"H:\\source\\repos\\shopping-cart-playground\\server\\src\\interfaces\\EntityNames.ts": {"path":"H:\\source\\repos\\shopping-cart-playground\\server\\src\\interfaces\\EntityNames.ts","statementMap":{"0":{"start":{"line":1,"column":0},"end":{"line":1,"column":null}},"1":{"start":{"line":2,"column":2},"end":{"line":2,"column":null}},"2":{"start":{"line":3,"column":2},"end":{"line":3,"column":null}},"3":{"start":{"line":4,"column":2},"end":{"line":4,"column":null}},"4":{"start":{"line":5,"column":2},"end":{"line":5,"column":null}}},"fnMap":{"0":{"name":"(anonymous_0)","decl":{"start":{"line":1,"column":0},"end":{"line":1,"column":12}},"loc":{"start":{"line":1,"column":23},"end":{"line":6,"column":1}}}},"branchMap":{"0":{"loc":{"start":{"line":1,"column":12},"end":{"line":1,"column":23}},"type":"binary-expr","locations":[{"start":{"line":1,"column":12},"end":{"line":1,"column":23}},{"start":{"line":1,"column":12},"end":{"line":1,"column":null}}]}},"s":{"0":3,"1":3,"2":3,"3":3,"4":3},"f":{"0":3},"b":{"0":[3,3]}}
,"H:\\source\\repos\\shopping-cart-playground\\server\\src\\orm\\migration\\1607977043585-seedCustomers.ts": {"path":"H:\\source\\repos\\shopping-cart-playground\\server\\src\\orm\\migration\\1607977043585-seedCustomers.ts","statementMap":{"0":{"start":{"line":2,"column":0},"end":{"line":2,"column":51}},"1":{"start":{"line":7,"column":24},"end":{"line":7,"column":52}},"2":{"start":{"line":9,"column":4},"end":{"line":9,"column":null}},"3":{"start":{"line":10,"column":4},"end":{"line":10,"column":11}},"4":{"start":{"line":15,"column":24},"end":{"line":15,"column":52}},"5":{"start":{"line":19,"column":4},"end":{"line":19,"column":46}},"6":{"start":{"line":4,"column":0},"end":{"line":4,"column":13}}},"fnMap":{"0":{"name":"(anonymous_7)","decl":{"start":{"line":6,"column":8},"end":{"line":6,"column":10}},"loc":{"start":{"line":6,"column":35},"end":{"line":11,"column":null}}},"1":{"name":"(anonymous_9)","decl":{"start":{"line":14,"column":8},"end":{"line":14,"column":12}},"loc":{"start":{"line":14,"column":37},"end":{"line":21,"column":null}}}},"branchMap":{},"s":{"0":2,"1":0,"2":0,"3":0,"4":0,"5":0,"6":2},"f":{"0":0,"1":0},"b":{}}
,"H:\\source\\repos\\shopping-cart-playground\\server\\src\\orm\\migration\\1607977137602-seedProducts.ts": {"path":"H:\\source\\repos\\shopping-cart-playground\\server\\src\\orm\\migration\\1607977137602-seedProducts.ts","statementMap":{"0":{"start":{"line":2,"column":0},"end":{"line":2,"column":51}},"1":{"start":{"line":7,"column":24},"end":{"line":7,"column":52}},"2":{"start":{"line":9,"column":4},"end":{"line":9,"column":null}},"3":{"start":{"line":10,"column":4},"end":{"line":10,"column":11}},"4":{"start":{"line":15,"column":24},"end":{"line":15,"column":52}},"5":{"start":{"line":19,"column":4},"end":{"line":19,"column":45}},"6":{"start":{"line":4,"column":0},"end":{"line":4,"column":13}}},"fnMap":{"0":{"name":"(anonymous_7)","decl":{"start":{"line":6,"column":8},"end":{"line":6,"column":10}},"loc":{"start":{"line":6,"column":35},"end":{"line":11,"column":null}}},"1":{"name":"(anonymous_9)","decl":{"start":{"line":14,"column":8},"end":{"line":14,"column":12}},"loc":{"start":{"line":14,"column":37},"end":{"line":20,"column":null}}}},"branchMap":{},"s":{"0":2,"1":0,"2":0,"3":0,"4":0,"5":0,"6":2},"f":{"0":0,"1":0},"b":{}}
,"H:\\source\\repos\\shopping-cart-playground\\server\\src\\orm\\migration\\1607977201995-seedTransactions.ts": {"path":"H:\\source\\repos\\shopping-cart-playground\\server\\src\\orm\\migration\\1607977201995-seedTransactions.ts","statementMap":{"0":{"start":{"line":2,"column":0},"end":{"line":2,"column":51}},"1":{"start":{"line":7,"column":24},"end":{"line":7,"column":52}},"2":{"start":{"line":9,"column":4},"end":{"line":9,"column":null}},"3":{"start":{"line":10,"column":4},"end":{"line":10,"column":11}},"4":{"start":{"line":15,"column":24},"end":{"line":15,"column":52}},"5":{"start":{"line":19,"column":4},"end":{"line":19,"column":46}},"6":{"start":{"line":20,"column":4},"end":{"line":20,"column":56}},"7":{"start":{"line":4,"column":0},"end":{"line":4,"column":13}}},"fnMap":{"0":{"name":"(anonymous_7)","decl":{"start":{"line":6,"column":8},"end":{"line":6,"column":10}},"loc":{"start":{"line":6,"column":35},"end":{"line":11,"column":null}}},"1":{"name":"(anonymous_9)","decl":{"start":{"line":14,"column":8},"end":{"line":14,"column":12}},"loc":{"start":{"line":14,"column":37},"end":{"line":21,"column":null}}}},"branchMap":{},"s":{"0":2,"1":0,"2":0,"3":0,"4":0,"5":0,"6":0,"7":2},"f":{"0":0,"1":0},"b":{}}
,"H:\\source\\repos\\shopping-cart-playground\\server\\src\\orm\\seeds\\SeedHandler.ts": {"path":"H:\\source\\repos\\shopping-cart-playground\\server\\src\\orm\\seeds\\SeedHandler.ts","statementMap":{"0":{"start":{"line":1,"column":0},"end":{"line":1,"column":64}},"1":{"start":{"line":2,"column":0},"end":{"line":2,"column":71}},"2":{"start":{"line":3,"column":0},"end":{"line":3,"column":63}},"3":{"start":{"line":4,"column":0},"end":{"line":4,"column":65}},"4":{"start":{"line":6,"column":0},"end":{"line":6,"column":31}},"5":{"start":{"line":7,"column":0},"end":{"line":7,"column":144}},"6":{"start":{"line":9,"column":0},"end":{"line":9,"column":29}},"7":{"start":{"line":10,"column":0},"end":{"line":10,"column":25}},"8":{"start":{"line":11,"column":0},"end":{"line":11,"column":59}},"9":{"start":{"line":12,"column":0},"end":{"line":12,"column":69}},"10":{"start":{"line":13,"column":0},"end":{"line":13,"column":76}},"11":{"start":{"line":15,"column":2},"end":{"line":15,"column":90}},"12":{"start":{"line":15,"column":41},"end":{"line":15,"column":71}},"13":{"start":{"line":15,"column":62},"end":{"line":15,"column":70}},"14":{"start":{"line":47,"column":29},"end":{"line":47,"column":44}},"15":{"start":{"line":48,"column":4},"end":{"line":48,"column":35}},"16":{"start":{"line":51,"column":21},"end":{"line":51,"column":54}},"17":{"start":{"line":52,"column":4},"end":{"line":63,"column":7}},"18":{"start":{"line":52,"column":44},"end":{"line":63,"column":6}},"19":{"start":{"line":53,"column":6},"end":{"line":53,"column":26}},"20":{"start":{"line":54,"column":6},"end":{"line":62,"column":null}},"21":{"start":{"line":57,"column":21},"end":{"line":57,"column":59}},"22":{"start":{"line":59,"column":8},"end":{"line":59,"column":null}},"23":{"start":{"line":61,"column":8},"end":{"line":61,"column":53}},"24":{"start":{"line":74,"column":2},"end":{"line":79,"column":null}},"25":{"start":{"line":74,"column":31},"end":{"line":79,"column":null}},"26":{"start":{"line":75,"column":24},"end":{"line":75,"column":57}},"27":{"start":{"line":76,"column":4},"end":{"line":78,"column":null}},"28":{"start":{"line":77,"column":6},"end":{"line":77,"column":56}},"29":{"start":{"line":80,"column":2},"end":{"line":86,"column":null}},"30":{"start":{"line":81,"column":16},"end":{"line":81,"column":18}},"31":{"start":{"line":82,"column":4},"end":{"line":84,"column":null}},"32":{"start":{"line":82,"column":17},"end":{"line":82,"column":18}},"33":{"start":{"line":83,"column":6},"end":{"line":83,"column":null}},"34":{"start":{"line":85,"column":4},"end":{"line":85,"column":15}},"35":{"start":{"line":87,"column":2},"end":{"line":89,"column":null}},"36":{"start":{"line":87,"column":23},"end":{"line":89,"column":null}},"37":{"start":{"line":90,"column":2},"end":{"line":96,"column":null}},"38":{"start":{"line":90,"column":27},"end":{"line":96,"column":null}},"39":{"start":{"line":91,"column":21},"end":{"line":91,"column":23}},"40":{"start":{"line":92,"column":4},"end":{"line":94,"column":6}},"41":{"start":{"line":93,"column":11},"end":{"line":93,"column":66}},"42":{"start":{"line":95,"column":4},"end":{"line":95,"column":20}},"43":{"start":{"line":97,"column":2},"end":{"line":108,"column":null}},"44":{"start":{"line":97,"column":45},"end":{"line":108,"column":null}},"45":{"start":{"line":99,"column":19},"end":{"line":99,"column":82}},"46":{"start":{"line":99,"column":64},"end":{"line":99,"column":78}},"47":{"start":{"line":100,"column":4},"end":{"line":106,"column":null}},"48":{"start":{"line":101,"column":25},"end":{"line":101,"column":57}},"49":{"start":{"line":102,"column":6},"end":{"line":102,"column":65}},"50":{"start":{"line":103,"column":6},"end":{"line":103,"column":101}},"51":{"start":{"line":103,"column":23},"end":{"line":103,"column":101}},"52":{"start":{"line":105,"column":6},"end":{"line":105,"column":59}},"53":{"start":{"line":109,"column":2},"end":{"line":109,"column":131}},"54":{"start":{"line":109,"column":33},"end":{"line":109,"column":130}},"55":{"start":{"line":109,"column":70},"end":{"line":109,"column":129}},"56":{"start":{"line":109,"column":99},"end":{"line":109,"column":124}},"57":{"start":{"line":111,"column":2},"end":{"line":124,"column":null}},"58":{"start":{"line":111,"column":53},"end":{"line":124,"column":null}},"59":{"start":{"line":112,"column":16},"end":{"line":112,"column":17}},"60":{"start":{"line":113,"column":4},"end":{"line":115,"column":null}},"61":{"start":{"line":114,"column":6},"end":{"line":114,"column":null}},"62":{"start":{"line":116,"column":4},"end":{"line":123,"column":null}},"63":{"start":{"line":117,"column":6},"end":{"line":120,"column":null}},"64":{"start":{"line":118,"column":8},"end":{"line":118,"column":58}},"65":{"start":{"line":119,"column":8},"end":{"line":119,"column":16}},"66":{"start":{"line":122,"column":6},"end":{"line":122,"column":59}},"67":{"start":{"line":128,"column":2},"end":{"line":151,"column":null}},"68":{"start":{"line":128,"column":31},"end":{"line":151,"column":null}},"69":{"start":{"line":129,"column":4},"end":{"line":150,"column":null}},"70":{"start":{"line":130,"column":23},"end":{"line":130,"column":56}},"71":{"start":{"line":131,"column":18},"end":{"line":131,"column":19}},"72":{"start":{"line":132,"column":6},"end":{"line":132,"column":null}},"73":{"start":{"line":134,"column":6},"end":{"line":147,"column":null}},"74":{"start":{"line":135,"column":27},"end":{"line":135,"column":70}},"75":{"start":{"line":136,"column":28},"end":{"line":136,"column":95}},"76":{"start":{"line":137,"column":8},"end":{"line":146,"column":null}},"77":{"start":{"line":138,"column":24},"end":{"line":138,"column":72}},"78":{"start":{"line":139,"column":10},"end":{"line":139,"column":29}},"79":{"start":{"line":141,"column":10},"end":{"line":145,"column":23}},"80":{"start":{"line":149,"column":6},"end":{"line":149,"column":94}},"81":{"start":{"line":153,"column":2},"end":{"line":195,"column":null}},"82":{"start":{"line":153,"column":32},"end":{"line":195,"column":null}},"83":{"start":{"line":154,"column":20},"end":{"line":163,"column":null}},"84":{"start":{"line":164,"column":4},"end":{"line":194,"column":null}},"85":{"start":{"line":165,"column":23},"end":{"line":165,"column":56}},"86":{"start":{"line":167,"column":6},"end":{"line":179,"column":null}},"87":{"start":{"line":168,"column":27},"end":{"line":168,"column":70}},"88":{"start":{"line":169,"column":28},"end":{"line":169,"column":95}},"89":{"start":{"line":170,"column":8},"end":{"line":178,"column":null}},"90":{"start":{"line":171,"column":24},"end":{"line":175,"column":null}},"91":{"start":{"line":177,"column":10},"end":{"line":177,"column":47}},"92":{"start":{"line":180,"column":6},"end":{"line":191,"column":null}},"93":{"start":{"line":182,"column":28},"end":{"line":182,"column":100}},"94":{"start":{"line":183,"column":8},"end":{"line":190,"column":null}},"95":{"start":{"line":184,"column":24},"end":{"line":187,"column":null}},"96":{"start":{"line":189,"column":10},"end":{"line":189,"column":47}},"97":{"start":{"line":193,"column":6},"end":{"line":193,"column":97}},"98":{"start":{"line":208,"column":2},"end":{"line":216,"column":null}},"99":{"start":{"line":209,"column":19},"end":{"line":209,"column":41}},"100":{"start":{"line":210,"column":22},"end":{"line":210,"column":50}},"101":{"start":{"line":211,"column":21},"end":{"line":211,"column":48}},"102":{"start":{"line":212,"column":21},"end":{"line":212,"column":41}},"103":{"start":{"line":213,"column":4},"end":{"line":213,"column":35}},"104":{"start":{"line":214,"column":4},"end":{"line":214,"column":33}},"105":{"start":{"line":215,"column":4},"end":{"line":215,"column":20}},"106":{"start":{"line":217,"column":2},"end":{"line":225,"column":null}},"107":{"start":{"line":218,"column":20},"end":{"line":218,"column":39}},"108":{"start":{"line":219,"column":4},"end":{"line":219,"column":55}},"109":{"start":{"line":221,"column":4},"end":{"line":223,"column":null}},"110":{"start":{"line":224,"column":4},"end":{"line":224,"column":19}},"111":{"start":{"line":226,"column":2},"end":{"line":243,"column":null}},"112":{"start":{"line":227,"column":23},"end":{"line":227,"column":56}},"113":{"start":{"line":227,"column":51},"end":{"line":227,"column":55}},"114":{"start":{"line":229,"column":21},"end":{"line":229,"column":94}},"115":{"start":{"line":231,"column":18},"end":{"line":231,"column":83}},"116":{"start":{"line":231,"column":66},"end":{"line":231,"column":82}},"117":{"start":{"line":234,"column":20},"end":{"line":234,"column":88}},"118":{"start":{"line":234,"column":68},"end":{"line":234,"column":84}},"119":{"start":{"line":236,"column":40},"end":{"line":236,"column":47}},"120":{"start":{"line":237,"column":21},"end":{"line":237,"column":41}},"121":{"start":{"line":238,"column":4},"end":{"line":238,"column":31}},"122":{"start":{"line":239,"column":4},"end":{"line":239,"column":36}},"123":{"start":{"line":240,"column":4},"end":{"line":240,"column":43}},"124":{"start":{"line":241,"column":4},"end":{"line":241,"column":33}},"125":{"start":{"line":242,"column":4},"end":{"line":242,"column":20}},"126":{"start":{"line":244,"column":2},"end":{"line":252,"column":null}},"127":{"start":{"line":245,"column":64},"end":{"line":245,"column":71}},"128":{"start":{"line":246,"column":24},"end":{"line":246,"column":47}},"129":{"start":{"line":247,"column":4},"end":{"line":247,"column":35}},"130":{"start":{"line":248,"column":4},"end":{"line":248,"column":40}},"131":{"start":{"line":249,"column":4},"end":{"line":249,"column":30}},"132":{"start":{"line":250,"column":4},"end":{"line":250,"column":46}},"133":{"start":{"line":251,"column":4},"end":{"line":251,"column":23}},"134":{"start":{"line":253,"column":2},"end":{"line":268,"column":null}},"135":{"start":{"line":254,"column":26},"end":{"line":254,"column":118}},"136":{"start":{"line":254,"column":64},"end":{"line":254,"column":114}},"137":{"start":{"line":258,"column":6},"end":{"line":262,"column":13}},"138":{"start":{"line":264,"column":4},"end":{"line":267,"column":null}},"139":{"start":{"line":269,"column":2},"end":{"line":277,"column":null}},"140":{"start":{"line":269,"column":29},"end":{"line":277,"column":null}},"141":{"start":{"line":270,"column":26},"end":{"line":270,"column":27}},"142":{"start":{"line":271,"column":27},"end":{"line":271,"column":94}},"143":{"start":{"line":272,"column":40},"end":{"line":272,"column":87}},"144":{"start":{"line":274,"column":29},"end":{"line":274,"column":67}},"145":{"start":{"line":275,"column":4},"end":{"line":275,"column":40}},"146":{"start":{"line":276,"column":4},"end":{"line":276,"column":21}},"147":{"start":{"line":278,"column":2},"end":{"line":286,"column":null}},"148":{"start":{"line":278,"column":28},"end":{"line":286,"column":null}},"149":{"start":{"line":279,"column":25},"end":{"line":279,"column":27}},"150":{"start":{"line":280,"column":26},"end":{"line":280,"column":91}},"151":{"start":{"line":281,"column":21},"end":{"line":281,"column":66}},"152":{"start":{"line":283,"column":28},"end":{"line":283,"column":64}},"153":{"start":{"line":284,"column":4},"end":{"line":284,"column":39}},"154":{"start":{"line":285,"column":4},"end":{"line":285,"column":20}},"155":{"start":{"line":287,"column":2},"end":{"line":319,"column":null}},"156":{"start":{"line":287,"column":55},"end":{"line":319,"column":null}},"157":{"start":{"line":288,"column":26},"end":{"line":288,"column":47}},"158":{"start":{"line":289,"column":27},"end":{"line":291,"column":33}},"159":{"start":{"line":292,"column":26},"end":{"line":292,"column":78}},"160":{"start":{"line":293,"column":27},"end":{"line":293,"column":94}},"161":{"start":{"line":294,"column":29},"end":{"line":296,"column":33}},"162":{"start":{"line":297,"column":45},"end":{"line":301,"column":6}},"163":{"start":{"line":302,"column":4},"end":{"line":302,"column":30}},"164":{"start":{"line":303,"column":22},"end":{"line":303,"column":86}},"165":{"start":{"line":304,"column":30},"end":{"line":304,"column":103}},"166":{"start":{"line":305,"column":29},"end":{"line":305,"column":30}},"167":{"start":{"line":306,"column":37},"end":{"line":306,"column":73}},"168":{"start":{"line":307,"column":51},"end":{"line":312,"column":6}},"169":{"start":{"line":313,"column":25},"end":{"line":313,"column":98}},"170":{"start":{"line":314,"column":32},"end":{"line":314,"column":76}},"171":{"start":{"line":315,"column":4},"end":{"line":315,"column":43}},"172":{"start":{"line":316,"column":29},"end":{"line":316,"column":67}},"173":{"start":{"line":317,"column":4},"end":{"line":317,"column":40}},"174":{"start":{"line":320,"column":2},"end":{"line":326,"column":null}},"175":{"start":{"line":320,"column":32},"end":{"line":326,"column":null}},"176":{"start":{"line":321,"column":4},"end":{"line":321,"column":97}},"177":{"start":{"line":322,"column":4},"end":{"line":322,"column":95}},"178":{"start":{"line":323,"column":4},"end":{"line":325,"column":null}},"179":{"start":{"line":324,"column":6},"end":{"line":324,"column":43}},"180":{"start":{"line":327,"column":2},"end":{"line":331,"column":null}},"181":{"start":{"line":327,"column":24},"end":{"line":331,"column":null}},"182":{"start":{"line":328,"column":4},"end":{"line":328,"column":31}},"183":{"start":{"line":329,"column":4},"end":{"line":329,"column":30}},"184":{"start":{"line":330,"column":4},"end":{"line":330,"column":34}},"185":{"start":{"line":72,"column":4},"end":{"line":72,"column":35}},"186":{"start":{"line":200,"column":21},"end":{"line":200,"column":45}},"187":{"start":{"line":201,"column":4},"end":{"line":201,"column":26}},"188":{"start":{"line":203,"column":24},"end":{"line":203,"column":49}},"189":{"start":{"line":204,"column":18},"end":{"line":204,"column":92}},"190":{"start":{"line":205,"column":4},"end":{"line":205,"column":54}},"191":{"start":{"line":206,"column":4},"end":{"line":206,"column":33}},"192":{"start":{"line":67,"column":0},"end":{"line":67,"column":13}}},"fnMap":{"0":{"name":"forEachPromise","decl":{"start":{"line":14,"column":9},"end":{"line":14,"column":23}},"loc":{"start":{"line":14,"column":33},"end":{"line":16,"column":1}}},"1":{"name":"(anonymous_14)","decl":{"start":{"line":15,"column":22},"end":{"line":15,"column":23}},"loc":{"start":{"line":15,"column":41},"end":{"line":15,"column":71}}},"2":{"name":"(anonymous_15)","decl":{"start":{"line":15,"column":56},"end":{"line":15,"column":59}},"loc":{"start":{"line":15,"column":62},"end":{"line":15,"column":70}}},"3":{"name":"(anonymous_16)","decl":{"start":{"line":47,"column":2},"end":{"line":47,"column":29}},"loc":{"start":{"line":47,"column":57},"end":{"line":49,"column":3}}},"4":{"name":"(anonymous_17)","decl":{"start":{"line":50,"column":8},"end":{"line":50,"column":14}},"loc":{"start":{"line":50,"column":45},"end":{"line":64,"column":null}}},"5":{"name":"(anonymous_19)","decl":{"start":{"line":52,"column":24},"end":{"line":52,"column":31}},"loc":{"start":{"line":52,"column":44},"end":{"line":63,"column":6}}},"6":{"name":"(anonymous_20)","decl":{"start":{"line":52,"column":44},"end":{"line":52,"column":null}},"loc":{"start":{"line":52,"column":44},"end":{"line":63,"column":5}}},"7":{"name":"(anonymous_21)","decl":{"start":{"line":71,"column":2},"end":{"line":71,"column":21}},"loc":{"start":{"line":71,"column":32},"end":{"line":73,"column":3}}},"8":{"name":"(anonymous_22)","decl":{"start":{"line":74,"column":20},"end":{"line":74,"column":29}},"loc":{"start":{"line":74,"column":31},"end":{"line":79,"column":null}}},"9":{"name":"(anonymous_23)","decl":{"start":{"line":74,"column":31},"end":{"line":74,"column":null}},"loc":{"start":{"line":74,"column":31},"end":{"line":79,"column":3}}},"10":{"name":"(anonymous_24)","decl":{"start":{"line":80,"column":11},"end":{"line":80,"column":12}},"loc":{"start":{"line":80,"column":36},"end":{"line":86,"column":3}}},"11":{"name":"(anonymous_25)","decl":{"start":{"line":87,"column":12},"end":{"line":87,"column":21}},"loc":{"start":{"line":87,"column":23},"end":{"line":89,"column":null}}},"12":{"name":"(anonymous_26)","decl":{"start":{"line":87,"column":23},"end":{"line":87,"column":null}},"loc":{"start":{"line":87,"column":23},"end":{"line":89,"column":3}}},"13":{"name":"(anonymous_27)","decl":{"start":{"line":90,"column":16},"end":{"line":90,"column":25}},"loc":{"start":{"line":90,"column":27},"end":{"line":96,"column":null}}},"14":{"name":"(anonymous_28)","decl":{"start":{"line":90,"column":27},"end":{"line":90,"column":null}},"loc":{"start":{"line":90,"column":27},"end":{"line":96,"column":3}}},"15":{"name":"(anonymous_29)","decl":{"start":{"line":93,"column":6},"end":{"line":93,"column":7}},"loc":{"start":{"line":93,"column":11},"end":{"line":93,"column":66}}},"16":{"name":"(anonymous_30)","decl":{"start":{"line":97,"column":10},"end":{"line":97,"column":17}},"loc":{"start":{"line":97,"column":45},"end":{"line":108,"column":null}}},"17":{"name":"(anonymous_31)","decl":{"start":{"line":97,"column":45},"end":{"line":97,"column":null}},"loc":{"start":{"line":97,"column":45},"end":{"line":108,"column":3}}},"18":{"name":"(anonymous_32)","decl":{"start":{"line":99,"column":59},"end":{"line":99,"column":60}},"loc":{"start":{"line":99,"column":64},"end":{"line":99,"column":78}}},"19":{"name":"(anonymous_33)","decl":{"start":{"line":109,"column":12},"end":{"line":109,"column":13}},"loc":{"start":{"line":109,"column":33},"end":{"line":109,"column":130}}},"20":{"name":"(anonymous_34)","decl":{"start":{"line":109,"column":57},"end":{"line":109,"column":58}},"loc":{"start":{"line":109,"column":70},"end":{"line":109,"column":129}}},"21":{"name":"(anonymous_35)","decl":{"start":{"line":109,"column":87},"end":{"line":109,"column":95}},"loc":{"start":{"line":109,"column":99},"end":{"line":109,"column":124}}},"22":{"name":"(anonymous_36)","decl":{"start":{"line":111,"column":13},"end":{"line":111,"column":20}},"loc":{"start":{"line":111,"column":53},"end":{"line":124,"column":null}}},"23":{"name":"(anonymous_37)","decl":{"start":{"line":111,"column":53},"end":{"line":111,"column":null}},"loc":{"start":{"line":111,"column":53},"end":{"line":124,"column":3}}},"24":{"name":"(anonymous_38)","decl":{"start":{"line":128,"column":12},"end":{"line":128,"column":19}},"loc":{"start":{"line":128,"column":31},"end":{"line":151,"column":null}}},"25":{"name":"(anonymous_39)","decl":{"start":{"line":128,"column":31},"end":{"line":128,"column":null}},"loc":{"start":{"line":128,"column":31},"end":{"line":151,"column":3}}},"26":{"name":"(anonymous_40)","decl":{"start":{"line":153,"column":13},"end":{"line":153,"column":20}},"loc":{"start":{"line":153,"column":32},"end":{"line":195,"column":null}}},"27":{"name":"(anonymous_41)","decl":{"start":{"line":153,"column":32},"end":{"line":153,"column":null}},"loc":{"start":{"line":153,"column":32},"end":{"line":195,"column":3}}},"28":{"name":"(anonymous_42)","decl":{"start":{"line":208,"column":19},"end":{"line":208,"column":22}},"loc":{"start":{"line":208,"column":24},"end":{"line":216,"column":3}}},"29":{"name":"(anonymous_43)","decl":{"start":{"line":217,"column":18},"end":{"line":217,"column":21}},"loc":{"start":{"line":217,"column":23},"end":{"line":225,"column":3}}},"30":{"name":"(anonymous_44)","decl":{"start":{"line":226,"column":19},"end":{"line":226,"column":20}},"loc":{"start":{"line":226,"column":48},"end":{"line":243,"column":3}}},"31":{"name":"(anonymous_45)","decl":{"start":{"line":227,"column":46},"end":{"line":227,"column":47}},"loc":{"start":{"line":227,"column":51},"end":{"line":227,"column":55}}},"32":{"name":"(anonymous_46)","decl":{"start":{"line":231,"column":44},"end":{"line":231,"column":45}},"loc":{"start":{"line":231,"column":66},"end":{"line":231,"column":82}}},"33":{"name":"(anonymous_47)","decl":{"start":{"line":234,"column":46},"end":{"line":234,"column":47}},"loc":{"start":{"line":234,"column":68},"end":{"line":234,"column":84}}},"34":{"name":"(anonymous_48)","decl":{"start":{"line":244,"column":22},"end":{"line":244,"column":23}},"loc":{"start":{"line":244,"column":54},"end":{"line":252,"column":3}}},"35":{"name":"(anonymous_49)","decl":{"start":{"line":253,"column":25},"end":{"line":253,"column":26}},"loc":{"start":{"line":253,"column":39},"end":{"line":268,"column":3}}},"36":{"name":"(anonymous_50)","decl":{"start":{"line":254,"column":43},"end":{"line":254,"column":44}},"loc":{"start":{"line":254,"column":64},"end":{"line":254,"column":114}}},"37":{"name":"(anonymous_51)","decl":{"start":{"line":269,"column":18},"end":{"line":269,"column":27}},"loc":{"start":{"line":269,"column":29},"end":{"line":277,"column":null}}},"38":{"name":"(anonymous_52)","decl":{"start":{"line":269,"column":29},"end":{"line":269,"column":null}},"loc":{"start":{"line":269,"column":29},"end":{"line":277,"column":3}}},"39":{"name":"(anonymous_53)","decl":{"start":{"line":278,"column":17},"end":{"line":278,"column":26}},"loc":{"start":{"line":278,"column":28},"end":{"line":286,"column":null}}},"40":{"name":"(anonymous_54)","decl":{"start":{"line":278,"column":28},"end":{"line":278,"column":null}},"loc":{"start":{"line":278,"column":28},"end":{"line":286,"column":3}}},"41":{"name":"(anonymous_55)","decl":{"start":{"line":287,"column":20},"end":{"line":287,"column":27}},"loc":{"start":{"line":287,"column":55},"end":{"line":319,"column":null}}},"42":{"name":"(anonymous_56)","decl":{"start":{"line":287,"column":55},"end":{"line":287,"column":null}},"loc":{"start":{"line":287,"column":55},"end":{"line":319,"column":3}}},"43":{"name":"(anonymous_57)","decl":{"start":{"line":320,"column":21},"end":{"line":320,"column":30}},"loc":{"start":{"line":320,"column":32},"end":{"line":326,"column":null}}},"44":{"name":"(anonymous_58)","decl":{"start":{"line":320,"column":32},"end":{"line":320,"column":null}},"loc":{"start":{"line":320,"column":32},"end":{"line":326,"column":3}}},"45":{"name":"(anonymous_59)","decl":{"start":{"line":327,"column":13},"end":{"line":327,"column":22}},"loc":{"start":{"line":327,"column":24},"end":{"line":331,"column":null}}},"46":{"name":"(anonymous_60)","decl":{"start":{"line":327,"column":24},"end":{"line":327,"column":null}},"loc":{"start":{"line":327,"column":24},"end":{"line":331,"column":3}}},"47":{"name":"(anonymous_61)","decl":{"start":{"line":199,"column":8},"end":{"line":199,"column":22}},"loc":{"start":{"line":199,"column":22},"end":{"line":207,"column":null}}}},"branchMap":{"0":{"loc":{"start":{"line":76,"column":4},"end":{"line":78,"column":null}},"type":"if","locations":[{"start":{"line":76,"column":4},"end":{"line":78,"column":null}},{"start":{"line":76,"column":4},"end":{"line":78,"column":null}}]},"1":{"loc":{"start":{"line":97,"column":37},"end":{"line":97,"column":41}},"type":"default-arg","locations":[{"start":{"line":97,"column":37},"end":{"line":97,"column":41}}]},"2":{"loc":{"start":{"line":103,"column":6},"end":{"line":103,"column":101}},"type":"if","locations":[{"start":{"line":103,"column":6},"end":{"line":103,"column":101}},{"start":{"line":103,"column":6},"end":{"line":103,"column":101}}]},"3":{"loc":{"start":{"line":113,"column":4},"end":{"line":115,"column":null}},"type":"if","locations":[{"start":{"line":113,"column":4},"end":{"line":115,"column":null}},{"start":{"line":113,"column":4},"end":{"line":115,"column":null}}]},"4":{"loc":{"start":{"line":137,"column":8},"end":{"line":146,"column":null}},"type":"if","locations":[{"start":{"line":137,"column":8},"end":{"line":146,"column":null}},{"start":{"line":137,"column":8},"end":{"line":146,"column":null}}]},"5":{"loc":{"start":{"line":170,"column":8},"end":{"line":178,"column":null}},"type":"if","locations":[{"start":{"line":170,"column":8},"end":{"line":178,"column":null}},{"start":{"line":170,"column":8},"end":{"line":178,"column":null}}]},"6":{"loc":{"start":{"line":183,"column":8},"end":{"line":190,"column":null}},"type":"if","locations":[{"start":{"line":183,"column":8},"end":{"line":190,"column":null}},{"start":{"line":183,"column":8},"end":{"line":190,"column":null}}]},"7":{"loc":{"start":{"line":222,"column":8},"end":{"line":222,"column":40}},"type":"cond-expr","locations":[{"start":{"line":222,"column":8},"end":{"line":222,"column":40}},{"start":{"line":223,"column":8},"end":{"line":223,"column":39}}]},"8":{"loc":{"start":{"line":259,"column":11},"end":{"line":259,"column":21}},"type":"cond-expr","locations":[{"start":{"line":259,"column":11},"end":{"line":259,"column":21}},{"start":{"line":260,"column":10},"end":{"line":262,"column":13}}]},"9":{"loc":{"start":{"line":258,"column":6},"end":{"line":258,"column":16}},"type":"binary-expr","locations":[{"start":{"line":258,"column":6},"end":{"line":258,"column":16}},{"start":{"line":258,"column":20},"end":{"line":258,"column":32}}]},"10":{"loc":{"start":{"line":261,"column":13},"end":{"line":261,"column":37}},"type":"cond-expr","locations":[{"start":{"line":261,"column":13},"end":{"line":261,"column":37}},{"start":{"line":262,"column":12},"end":{"line":262,"column":13}}]},"11":{"loc":{"start":{"line":290,"column":8},"end":{"line":290,"column":9}},"type":"cond-expr","locations":[{"start":{"line":290,"column":8},"end":{"line":290,"column":9}},{"start":{"line":291,"column":8},"end":{"line":291,"column":33}}]},"12":{"loc":{"start":{"line":295,"column":8},"end":{"line":295,"column":9}},"type":"cond-expr","locations":[{"start":{"line":295,"column":8},"end":{"line":295,"column":9}},{"start":{"line":296,"column":8},"end":{"line":296,"column":33}}]}},"s":{"0":2,"1":2,"2":2,"3":2,"4":2,"5":2,"6":2,"7":2,"8":2,"9":2,"10":2,"11":0,"12":0,"13":0,"14":0,"15":0,"16":0,"17":0,"18":0,"19":0,"20":0,"21":0,"22":0,"23":0,"24":2,"25":2,"26":2,"27":2,"28":0,"29":2,"30":0,"31":0,"32":0,"33":0,"34":0,"35":2,"36":0,"37":2,"38":10,"39":10,"40":10,"41":40,"42":10,"43":2,"44":8,"45":8,"46":32,"47":8,"48":8,"49":8,"50":8,"51":6,"52":0,"53":2,"54":4,"55":16,"56":64,"57":2,"58":2,"59":2,"60":2,"61":2,"62":2,"63":2,"64":8,"65":8,"66":0,"67":2,"68":2,"69":2,"70":2,"71":2,"72":2,"73":2,"74":7,"75":7,"76":7,"77":7,"78":7,"79":7,"80":1,"81":2,"82":0,"83":0,"84":0,"85":0,"86":0,"87":0,"88":0,"89":0,"90":0,"91":0,"92":0,"93":0,"94":0,"95":0,"96":0,"97":0,"98":2,"99":0,"100":0,"101":0,"102":0,"103":0,"104":0,"105":0,"106":2,"107":0,"108":0,"109":0,"110":0,"111":2,"112":0,"113":0,"114":0,"115":0,"116":0,"117":0,"118":0,"119":0,"120":0,"121":0,"122":0,"123":0,"124":0,"125":0,"126":2,"127":0,"128":0,"129":0,"130":0,"131":0,"132":0,"133":0,"134":2,"135":0,"136":0,"137":0,"138":0,"139":2,"140":0,"141":0,"142":0,"143":0,"144":0,"145":0,"146":0,"147":2,"148":0,"149":0,"150":0,"151":0,"152":0,"153":0,"154":0,"155":2,"156":0,"157":0,"158":0,"159":0,"160":0,"161":0,"162":0,"163":0,"164":0,"165":0,"166":0,"167":0,"168":0,"169":0,"170":0,"171":0,"172":0,"173":0,"174":2,"175":0,"176":0,"177":0,"178":0,"179":0,"180":2,"181":0,"182":0,"183":0,"184":0,"185":2,"186":2,"187":2,"188":2,"189":2,"190":2,"191":2,"192":2},"f":{"0":0,"1":0,"2":0,"3":0,"4":0,"5":0,"6":0,"7":2,"8":2,"9":2,"10":0,"11":0,"12":0,"13":10,"14":10,"15":40,"16":8,"17":8,"18":32,"19":4,"20":16,"21":64,"22":2,"23":2,"24":2,"25":2,"26":0,"27":0,"28":0,"29":0,"30":0,"31":0,"32":0,"33":0,"34":0,"35":0,"36":0,"37":0,"38":0,"39":0,"40":0,"41":0,"42":0,"43":0,"44":0,"45":0,"46":0,"47":2},"b":{"0":[0,2],"1":[0],"2":[6,2],"3":[2,0],"4":[7,0],"5":[0,0],"6":[0,0],"7":[0,0],"8":[0,0],"9":[0,0],"10":[0,0],"11":[0,0],"12":[0,0]}}
,"H:\\source\\repos\\shopping-cart-playground\\server\\src\\utils\\chalkLog.ts": {"path":"H:\\source\\repos\\shopping-cart-playground\\server\\src\\utils\\chalkLog.ts","statementMap":{"0":{"start":{"line":2,"column":0},"end":{"line":2,"column":26}},"1":{"start":{"line":3,"column":0},"end":{"line":3,"column":28}},"2":{"start":{"line":49,"column":13},"end":{"line":49,"column":null}},"3":{"start":{"line":49,"column":44},"end":{"line":49,"column":97}}},"fnMap":{"0":{"name":"(anonymous_1)","decl":{"start":{"line":49,"column":24},"end":{"line":49,"column":25}},"loc":{"start":{"line":49,"column":44},"end":{"line":49,"column":97}}}},"branchMap":{},"s":{"0":2,"1":2,"2":2,"3":2},"f":{"0":2},"b":{}}
,"H:\\source\\repos\\shopping-cart-playground\\server\\src\\utils\\generateSchema.ts": {"path":"H:\\source\\repos\\shopping-cart-playground\\server\\src\\utils\\generateSchema.ts","statementMap":{"0":{"start":{"line":1,"column":0},"end":{"line":1,"column":63}},"1":{"start":{"line":4,"column":0},"end":{"line":4,"column":24}},"2":{"start":{"line":8,"column":2},"end":{"line":16,"column":null}},"3":{"start":{"line":9,"column":4},"end":{"line":12,"column":null}},"4":{"start":{"line":14,"column":4},"end":{"line":14,"column":77}},"5":{"start":{"line":15,"column":4},"end":{"line":15,"column":16}},"6":{"start":{"line":5,"column":0},"end":{"line":5,"column":22}}},"fnMap":{"0":{"name":"generateSchema","decl":{"start":{"line":5,"column":22},"end":{"line":5,"column":36}},"loc":{"start":{"line":6,"column":47},"end":{"line":17,"column":null}}}},"branchMap":{},"s":{"0":2,"1":2,"2":2,"3":2,"4":0,"5":0,"6":2},"f":{"0":2},"b":{}}
}
