TN:
SF:ormconfig.js
FNF:0
FNH:0
DA:1,2
DA:2,2
DA:4,2
DA:5,2
DA:6,2
DA:7,2
DA:8,2
DA:11,2
DA:14,2
DA:20,2
DA:29,2
DA:37,2
DA:45,2
DA:53,2
LF:14
LH:14
BRDA:8,0,0,0
BRDA:8,0,1,2
BRDA:11,1,0,0
BRDA:11,1,1,2
BRDA:14,2,0,0
BRDA:14,2,1,2
BRDA:45,3,0,0
BRDA:45,3,1,2
BRDA:47,4,0,2
BRDA:47,4,1,0
BRDA:49,5,0,0
BRDA:49,5,1,0
BRF:12
BRH:5
end_of_record
TN:
SF:src\api\entity\CustomerEntity.ts
FN:25,(anonymous_2)
FN:37,(anonymous_3)
FN:38,(anonymous_4)
FN:38,(anonymous_5)
FNF:4
FNH:4
FNDA:2,(anonymous_2)
FNDA:2,(anonymous_3)
FNDA:2,(anonymous_4)
FNDA:2,(anonymous_5)
DA:1,2
DA:2,2
DA:5,2
DA:19,2
DA:25,2
DA:27,2
DA:31,2
DA:35,2
DA:37,2
DA:38,2
DA:42,2
LF:11
LH:11
BRF:0
BRH:0
end_of_record
TN:
SF:src\api\entity\ProductEntity.ts
FN:15,(anonymous_2)
FN:26,(anonymous_3)
FNF:2
FNH:2
FNDA:2,(anonymous_2)
FNDA:2,(anonymous_3)
DA:1,2
DA:2,2
DA:13,2
DA:15,2
DA:17,2
DA:24,2
DA:26,2
DA:28,2
LF:8
LH:8
BRF:0
BRH:0
end_of_record
TN:
SF:src\api\entity\PurchaseEntity.ts
FN:14,(anonymous_2)
FN:18,(anonymous_3)
FN:21,(anonymous_4)
FN:22,(anonymous_5)
FN:22,(anonymous_6)
FN:31,(anonymous_7)
FN:32,(anonymous_8)
FN:32,(anonymous_9)
FN:38,(anonymous_10)
FNF:9
FNH:9
FNDA:2,(anonymous_2)
FNDA:2,(anonymous_3)
FNDA:2,(anonymous_4)
FNDA:2,(anonymous_5)
FNDA:2,(anonymous_6)
FNDA:2,(anonymous_7)
FNDA:2,(anonymous_8)
FNDA:2,(anonymous_9)
FNDA:2,(anonymous_10)
DA:1,2
DA:2,2
DA:5,2
DA:8,2
DA:12,2
DA:14,2
DA:16,2
DA:18,2
DA:20,2
DA:21,2
DA:22,2
DA:26,2
DA:30,2
DA:31,2
DA:32,2
DA:36,2
DA:38,2
DA:40,2
LF:18
LH:18
BRF:0
BRH:0
end_of_record
TN:
SF:src\api\entity\TransactionEntity.ts
FN:13,(anonymous_2)
FN:17,(anonymous_3)
FN:20,(anonymous_4)
FN:21,(anonymous_5)
FN:21,(anonymous_6)
FN:27,(anonymous_7)
FN:31,(anonymous_8)
FN:35,(anonymous_9)
FN:36,(anonymous_10)
FN:36,(anonymous_11)
FNF:10
FNH:10
FNDA:2,(anonymous_2)
FNDA:2,(anonymous_3)
FNDA:2,(anonymous_4)
FNDA:2,(anonymous_5)
FNDA:2,(anonymous_6)
FNDA:2,(anonymous_7)
FNDA:2,(anonymous_8)
FNDA:2,(anonymous_9)
FNDA:2,(anonymous_10)
FNDA:2,(anonymous_11)
DA:1,2
DA:2,2
DA:5,2
DA:7,2
DA:11,2
DA:13,2
DA:15,2
DA:17,2
DA:19,2
DA:20,2
DA:21,2
DA:25,2
DA:27,2
DA:29,2
DA:31,2
DA:33,2
DA:35,2
DA:36,2
DA:39,2
LF:19
LH:19
BRF:0
BRH:0
end_of_record
TN:
SF:src\api\resolvers\customer.resolver.ts
FN:8,customerQuery
FN:21,(anonymous_11)
FN:20,(anonymous_13)
FN:17,(anonymous_14)
FNF:4
FNH:3
FNDA:1,customerQuery
FNDA:1,(anonymous_11)
FNDA:1,(anonymous_13)
FNDA:0,(anonymous_14)
DA:1,2
DA:2,2
DA:4,2
DA:6,2
DA:8,2
DA:9,1
DA:17,0
DA:18,2
DA:20,1
DA:21,2
DA:22,1
DA:24,1
DA:25,1
DA:27,1
DA:28,0
DA:31,1
LF:16
LH:14
BRDA:27,0,0,0
BRDA:27,0,1,1
BRF:2
BRH:1
end_of_record
TN:
SF:src\api\resolvers\transaction.resolver.ts
FN:8,transactionQuery
FN:22,(anonymous_11)
FN:21,(anonymous_13)
FN:18,(anonymous_14)
FNF:4
FNH:3
FNDA:1,transactionQuery
FNDA:1,(anonymous_11)
FNDA:1,(anonymous_13)
FNDA:0,(anonymous_14)
DA:1,2
DA:2,2
DA:4,2
DA:6,2
DA:8,2
DA:9,1
DA:18,0
DA:19,2
DA:21,1
DA:22,2
DA:23,1
DA:25,1
DA:26,1
DA:27,1
DA:28,1
DA:29,0
DA:31,1
LF:17
LH:15
BRDA:28,0,0,0
BRDA:28,0,1,1
BRF:2
BRH:1
end_of_record
TN:
SF:src\interfaces\EntityNames.ts
FN:1,(anonymous_0)
FNF:1
FNH:1
FNDA:3,(anonymous_0)
DA:1,3
DA:2,3
DA:3,3
DA:4,3
DA:5,3
LF:5
LH:5
BRDA:1,0,0,3
BRDA:1,0,1,3
BRF:2
BRH:2
end_of_record
TN:
SF:src\orm\migration\1607977043585-seedCustomers.ts
FN:6,(anonymous_7)
FN:14,(anonymous_9)
FNF:2
FNH:0
FNDA:0,(anonymous_7)
FNDA:0,(anonymous_9)
DA:2,2
DA:4,2
DA:7,0
DA:9,0
DA:10,0
DA:15,0
DA:19,0
LF:7
LH:2
BRF:0
BRH:0
end_of_record
TN:
SF:src\orm\migration\1607977137602-seedProducts.ts
FN:6,(anonymous_7)
FN:14,(anonymous_9)
FNF:2
FNH:0
FNDA:0,(anonymous_7)
FNDA:0,(anonymous_9)
DA:2,2
DA:4,2
DA:7,0
DA:9,0
DA:10,0
DA:15,0
DA:19,0
LF:7
LH:2
BRF:0
BRH:0
end_of_record
TN:
SF:src\orm\migration\1607977201995-seedTransactions.ts
FN:6,(anonymous_7)
FN:14,(anonymous_9)
FNF:2
FNH:0
FNDA:0,(anonymous_7)
FNDA:0,(anonymous_9)
DA:2,2
DA:4,2
DA:7,0
DA:9,0
DA:10,0
DA:15,0
DA:19,0
DA:20,0
LF:8
LH:2
BRF:0
BRH:0
end_of_record
TN:
SF:src\orm\seeds\SeedHandler.ts
FN:14,forEachPromise
FN:15,(anonymous_14)
FN:15,(anonymous_15)
FN:47,(anonymous_16)
FN:50,(anonymous_17)
FN:52,(anonymous_19)
FN:52,(anonymous_20)
FN:71,(anonymous_21)
FN:74,(anonymous_22)
FN:74,(anonymous_23)
FN:80,(anonymous_24)
FN:87,(anonymous_25)
FN:87,(anonymous_26)
FN:90,(anonymous_27)
FN:90,(anonymous_28)
FN:93,(anonymous_29)
FN:97,(anonymous_30)
FN:97,(anonymous_31)
FN:99,(anonymous_32)
FN:109,(anonymous_33)
FN:109,(anonymous_34)
FN:109,(anonymous_35)
FN:111,(anonymous_36)
FN:111,(anonymous_37)
FN:128,(anonymous_38)
FN:128,(anonymous_39)
FN:153,(anonymous_40)
FN:153,(anonymous_41)
FN:208,(anonymous_42)
FN:217,(anonymous_43)
FN:226,(anonymous_44)
FN:227,(anonymous_45)
FN:231,(anonymous_46)
FN:234,(anonymous_47)
FN:244,(anonymous_48)
FN:253,(anonymous_49)
FN:254,(anonymous_50)
FN:269,(anonymous_51)
FN:269,(anonymous_52)
FN:278,(anonymous_53)
FN:278,(anonymous_54)
FN:287,(anonymous_55)
FN:287,(anonymous_56)
FN:320,(anonymous_57)
FN:320,(anonymous_58)
FN:327,(anonymous_59)
FN:327,(anonymous_60)
FN:199,(anonymous_61)
FNF:48
FNH:17
FNDA:0,forEachPromise
FNDA:0,(anonymous_14)
FNDA:0,(anonymous_15)
FNDA:0,(anonymous_16)
FNDA:0,(anonymous_17)
FNDA:0,(anonymous_19)
FNDA:0,(anonymous_20)
FNDA:2,(anonymous_21)
FNDA:2,(anonymous_22)
FNDA:2,(anonymous_23)
FNDA:0,(anonymous_24)
FNDA:0,(anonymous_25)
FNDA:0,(anonymous_26)
FNDA:10,(anonymous_27)
FNDA:10,(anonymous_28)
FNDA:40,(anonymous_29)
FNDA:8,(anonymous_30)
FNDA:8,(anonymous_31)
FNDA:32,(anonymous_32)
FNDA:4,(anonymous_33)
FNDA:16,(anonymous_34)
FNDA:64,(anonymous_35)
FNDA:2,(anonymous_36)
FNDA:2,(anonymous_37)
FNDA:2,(anonymous_38)
FNDA:2,(anonymous_39)
FNDA:0,(anonymous_40)
FNDA:0,(anonymous_41)
FNDA:0,(anonymous_42)
FNDA:0,(anonymous_43)
FNDA:0,(anonymous_44)
FNDA:0,(anonymous_45)
FNDA:0,(anonymous_46)
FNDA:0,(anonymous_47)
FNDA:0,(anonymous_48)
FNDA:0,(anonymous_49)
FNDA:0,(anonymous_50)
FNDA:0,(anonymous_51)
FNDA:0,(anonymous_52)
FNDA:0,(anonymous_53)
FNDA:0,(anonymous_54)
FNDA:0,(anonymous_55)
FNDA:0,(anonymous_56)
FNDA:0,(anonymous_57)
FNDA:0,(anonymous_58)
FNDA:0,(anonymous_59)
FNDA:0,(anonymous_60)
FNDA:2,(anonymous_61)
DA:1,2
DA:2,2
DA:3,2
DA:4,2
DA:6,2
DA:7,2
DA:9,2
DA:10,2
DA:11,2
DA:12,2
DA:13,2
DA:15,0
DA:47,0
DA:48,0
DA:51,0
DA:52,0
DA:53,0
DA:54,0
DA:57,0
DA:59,0
DA:61,0
DA:67,2
DA:72,2
DA:74,2
DA:75,2
DA:76,2
DA:77,0
DA:80,2
DA:81,0
DA:82,0
DA:83,0
DA:85,0
DA:87,2
DA:90,10
DA:91,10
DA:92,10
DA:93,40
DA:95,10
DA:97,8
DA:99,32
DA:100,8
DA:101,8
DA:102,8
DA:103,8
DA:105,0
DA:109,64
DA:111,2
DA:112,2
DA:113,2
DA:114,2
DA:116,2
DA:117,2
DA:118,8
DA:119,8
DA:122,0
DA:128,2
DA:129,2
DA:130,2
DA:131,2
DA:132,2
DA:134,2
DA:135,7
DA:136,7
DA:137,7
DA:138,7
DA:139,7
DA:141,7
DA:149,1
DA:153,2
DA:154,0
DA:164,0
DA:165,0
DA:167,0
DA:168,0
DA:169,0
DA:170,0
DA:171,0
DA:177,0
DA:180,0
DA:182,0
DA:183,0
DA:184,0
DA:189,0
DA:193,0
DA:200,2
DA:201,2
DA:203,2
DA:204,2
DA:205,2
DA:206,2
DA:208,2
DA:209,0
DA:210,0
DA:211,0
DA:212,0
DA:213,0
DA:214,0
DA:215,0
DA:217,2
DA:218,0
DA:219,0
DA:221,0
DA:224,0
DA:226,2
DA:227,0
DA:229,0
DA:231,0
DA:234,0
DA:236,0
DA:237,0
DA:238,0
DA:239,0
DA:240,0
DA:241,0
DA:242,0
DA:244,2
DA:245,0
DA:246,0
DA:247,0
DA:248,0
DA:249,0
DA:250,0
DA:251,0
DA:253,2
DA:254,0
DA:258,0
DA:264,0
DA:269,2
DA:270,0
DA:271,0
DA:272,0
DA:274,0
DA:275,0
DA:276,0
DA:278,2
DA:279,0
DA:280,0
DA:281,0
DA:283,0
DA:284,0
DA:285,0
DA:287,2
DA:288,0
DA:289,0
DA:292,0
DA:293,0
DA:294,0
DA:297,0
DA:302,0
DA:303,0
DA:304,0
DA:305,0
DA:306,0
DA:307,0
DA:313,0
DA:314,0
DA:315,0
DA:316,0
DA:317,0
DA:320,2
DA:321,0
DA:322,0
DA:323,0
DA:324,0
DA:327,2
DA:328,0
DA:329,0
DA:330,0
LF:168
LH:68
BRDA:76,0,0,0
BRDA:76,0,1,2
BRDA:97,1,0,0
BRDA:103,2,0,6
BRDA:103,2,1,2
BRDA:113,3,0,2
BRDA:113,3,1,0
BRDA:137,4,0,7
BRDA:137,4,1,0
BRDA:170,5,0,0
BRDA:170,5,1,0
BRDA:183,6,0,0
BRDA:183,6,1,0
BRDA:222,7,0,0
BRDA:222,7,1,0
BRDA:259,8,0,0
BRDA:259,8,1,0
BRDA:258,9,0,0
BRDA:258,9,1,0
BRDA:261,10,0,0
BRDA:261,10,1,0
BRDA:290,11,0,0
BRDA:290,11,1,0
BRDA:295,12,0,0
BRDA:295,12,1,0
BRF:25
BRH:5
end_of_record
TN:
SF:src\utils\chalkLog.ts
FN:49,(anonymous_1)
FNF:1
FNH:1
FNDA:2,(anonymous_1)
DA:2,2
DA:3,2
DA:49,2
LF:3
LH:3
BRF:0
BRH:0
end_of_record
TN:
SF:src\utils\generateSchema.ts
FN:5,generateSchema
FNF:1
FNH:1
FNDA:2,generateSchema
DA:1,2
DA:4,2
DA:5,2
DA:8,2
DA:9,2
DA:14,0
DA:15,0
LF:7
LH:5
BRF:0
BRH:0
end_of_record
